[2024-05-21T18:08:44.458+0000] {local_task_job_runner.py:120} INFO - ::group::Pre task execution logs
[2024-05-21T18:08:44.577+0000] {taskinstance.py:2076} INFO - Dependencies all met for dep_context=non-requeueable deps ti=<TaskInstance: dag_polygon_etl_v02.create_country_table scheduled__2024-05-19T00:00:00+00:00 [queued]>
[2024-05-21T18:08:44.603+0000] {taskinstance.py:2076} INFO - Dependencies all met for dep_context=requeueable deps ti=<TaskInstance: dag_polygon_etl_v02.create_country_table scheduled__2024-05-19T00:00:00+00:00 [queued]>
[2024-05-21T18:08:44.604+0000] {taskinstance.py:2306} INFO - Starting attempt 1 of 6
[2024-05-21T18:08:44.643+0000] {taskinstance.py:2330} INFO - Executing <Task(MsSqlOperator): create_country_table> on 2024-05-19 00:00:00+00:00
[2024-05-21T18:08:44.664+0000] {logging_mixin.py:188} WARNING - /home/***/.local/lib/python3.12/site-packages/***/task/task_runner/standard_task_runner.py:61 DeprecationWarning: This process (pid=696) is multi-threaded, use of fork() may lead to deadlocks in the child.
[2024-05-21T18:08:44.665+0000] {standard_task_runner.py:63} INFO - Started process 699 to run task
[2024-05-21T18:08:44.658+0000] {standard_task_runner.py:90} INFO - Running: ['***', 'tasks', 'run', 'dag_polygon_etl_v02', 'create_country_table', 'scheduled__2024-05-19T00:00:00+00:00', '--job-id', '7', '--raw', '--subdir', 'DAGS_FOLDER/dag_polygon_etl.py', '--cfg-path', '/tmp/tmpow3kliug']
[2024-05-21T18:08:44.668+0000] {standard_task_runner.py:91} INFO - Job 7: Subtask create_country_table
[2024-05-21T18:08:44.854+0000] {task_command.py:426} INFO - Running <TaskInstance: dag_polygon_etl_v02.create_country_table scheduled__2024-05-19T00:00:00+00:00 [running]> on host 46d6b7e1bb4c
[2024-05-21T18:08:45.559+0000] {taskinstance.py:2648} INFO - Exporting env vars: AIRFLOW_CTX_DAG_OWNER='kazik' AIRFLOW_CTX_DAG_ID='dag_polygon_etl_v02' AIRFLOW_CTX_TASK_ID='create_country_table' AIRFLOW_CTX_EXECUTION_DATE='2024-05-19T00:00:00+00:00' AIRFLOW_CTX_TRY_NUMBER='1' AIRFLOW_CTX_DAG_RUN_ID='scheduled__2024-05-19T00:00:00+00:00'
[2024-05-21T18:08:45.560+0000] {taskinstance.py:430} INFO - ::endgroup::
[2024-05-21T18:08:45.584+0000] {sql.py:276} INFO - Executing: 
        CREATE TABLE Country (
            country_id INT NOT NULL IDENTITY(1,1) PRIMARY KEY,
            name TEXT,
            continent TEXT
        );
        
[2024-05-21T18:08:45.602+0000] {base.py:84} INFO - Using connection ID 'mssql' for task execution.
[2024-05-21T18:08:45.632+0000] {base.py:84} INFO - Using connection ID 'mssql' for task execution.
[2024-05-21T18:08:45.700+0000] {sql.py:470} INFO - Running statement: 
        CREATE TABLE Country (
            country_id INT NOT NULL IDENTITY(1,1) PRIMARY KEY,
            name TEXT,
            continent TEXT
        );
        , parameters: None
[2024-05-21T18:08:45.753+0000] {taskinstance.py:441} INFO - ::group::Post task execution logs
[2024-05-21T18:08:45.783+0000] {taskinstance.py:1206} INFO - Marking task as SUCCESS. dag_id=dag_polygon_etl_v02, task_id=create_country_table, run_id=scheduled__2024-05-19T00:00:00+00:00, execution_date=20240519T000000, start_date=20240521T180844, end_date=20240521T180845
[2024-05-21T18:08:45.852+0000] {local_task_job_runner.py:240} INFO - Task exited with return code 0
[2024-05-21T18:08:45.889+0000] {taskinstance.py:3498} INFO - 0 downstream tasks scheduled from follow-on schedule check
[2024-05-21T18:08:45.904+0000] {local_task_job_runner.py:222} INFO - ::endgroup::
