[2024-05-23T17:29:55.061+0000] {processor.py:161} INFO - Started process (PID=3895) to work on /opt/airflow/dags/dag_polygon_etl.py
[2024-05-23T17:29:55.064+0000] {processor.py:830} INFO - Processing file /opt/airflow/dags/dag_polygon_etl.py for tasks to queue
[2024-05-23T17:29:55.069+0000] {logging_mixin.py:188} INFO - [2024-05-23T17:29:55.068+0000] {dagbag.py:545} INFO - Filling up the DagBag from /opt/airflow/dags/dag_polygon_etl.py
[2024-05-23T17:29:56.661+0000] {processor.py:840} INFO - DAG(s) 'dag_polygon_etl_v02' retrieved from /opt/airflow/dags/dag_polygon_etl.py
[2024-05-23T17:29:56.713+0000] {logging_mixin.py:188} INFO - [2024-05-23T17:29:56.712+0000] {dag.py:3096} INFO - Sync 1 DAGs
[2024-05-23T17:29:56.750+0000] {logging_mixin.py:188} INFO - [2024-05-23T17:29:56.750+0000] {dag.py:3954} INFO - Setting next_dagrun for dag_polygon_etl_v02 to 2024-05-23 00:00:00+00:00, run_after=2024-05-24 00:00:00+00:00
[2024-05-23T17:29:56.784+0000] {processor.py:183} INFO - Processing /opt/airflow/dags/dag_polygon_etl.py took 1.743 seconds
[2024-05-23T17:30:26.959+0000] {processor.py:161} INFO - Started process (PID=3913) to work on /opt/airflow/dags/dag_polygon_etl.py
[2024-05-23T17:30:26.960+0000] {processor.py:830} INFO - Processing file /opt/airflow/dags/dag_polygon_etl.py for tasks to queue
[2024-05-23T17:30:26.961+0000] {logging_mixin.py:188} INFO - [2024-05-23T17:30:26.961+0000] {dagbag.py:545} INFO - Filling up the DagBag from /opt/airflow/dags/dag_polygon_etl.py
[2024-05-23T17:30:27.666+0000] {processor.py:840} INFO - DAG(s) 'dag_polygon_etl_v02' retrieved from /opt/airflow/dags/dag_polygon_etl.py
[2024-05-23T17:30:27.694+0000] {logging_mixin.py:188} INFO - [2024-05-23T17:30:27.694+0000] {dag.py:3096} INFO - Sync 1 DAGs
[2024-05-23T17:30:27.721+0000] {logging_mixin.py:188} INFO - [2024-05-23T17:30:27.721+0000] {dag.py:3954} INFO - Setting next_dagrun for dag_polygon_etl_v02 to 2024-05-23 00:00:00+00:00, run_after=2024-05-24 00:00:00+00:00
[2024-05-23T17:30:27.745+0000] {processor.py:183} INFO - Processing /opt/airflow/dags/dag_polygon_etl.py took 0.793 seconds
[2024-05-23T17:30:58.027+0000] {processor.py:161} INFO - Started process (PID=3925) to work on /opt/airflow/dags/dag_polygon_etl.py
[2024-05-23T17:30:58.029+0000] {processor.py:830} INFO - Processing file /opt/airflow/dags/dag_polygon_etl.py for tasks to queue
[2024-05-23T17:30:58.032+0000] {logging_mixin.py:188} INFO - [2024-05-23T17:30:58.031+0000] {dagbag.py:545} INFO - Filling up the DagBag from /opt/airflow/dags/dag_polygon_etl.py
[2024-05-23T17:30:58.557+0000] {processor.py:840} INFO - DAG(s) 'dag_polygon_etl_v02' retrieved from /opt/airflow/dags/dag_polygon_etl.py
[2024-05-23T17:30:58.581+0000] {logging_mixin.py:188} INFO - [2024-05-23T17:30:58.581+0000] {dag.py:3096} INFO - Sync 1 DAGs
[2024-05-23T17:30:58.602+0000] {logging_mixin.py:188} INFO - [2024-05-23T17:30:58.601+0000] {dag.py:3954} INFO - Setting next_dagrun for dag_polygon_etl_v02 to 2024-05-23 00:00:00+00:00, run_after=2024-05-24 00:00:00+00:00
[2024-05-23T17:30:58.625+0000] {processor.py:183} INFO - Processing /opt/airflow/dags/dag_polygon_etl.py took 0.612 seconds
[2024-05-23T17:31:28.905+0000] {processor.py:161} INFO - Started process (PID=3938) to work on /opt/airflow/dags/dag_polygon_etl.py
[2024-05-23T17:31:28.906+0000] {processor.py:830} INFO - Processing file /opt/airflow/dags/dag_polygon_etl.py for tasks to queue
[2024-05-23T17:31:28.908+0000] {logging_mixin.py:188} INFO - [2024-05-23T17:31:28.908+0000] {dagbag.py:545} INFO - Filling up the DagBag from /opt/airflow/dags/dag_polygon_etl.py
[2024-05-23T17:31:29.438+0000] {processor.py:840} INFO - DAG(s) 'dag_polygon_etl_v02' retrieved from /opt/airflow/dags/dag_polygon_etl.py
[2024-05-23T17:31:29.462+0000] {logging_mixin.py:188} INFO - [2024-05-23T17:31:29.461+0000] {dag.py:3096} INFO - Sync 1 DAGs
[2024-05-23T17:31:29.482+0000] {logging_mixin.py:188} INFO - [2024-05-23T17:31:29.482+0000] {dag.py:3954} INFO - Setting next_dagrun for dag_polygon_etl_v02 to 2024-05-23 00:00:00+00:00, run_after=2024-05-24 00:00:00+00:00
[2024-05-23T17:31:29.507+0000] {processor.py:183} INFO - Processing /opt/airflow/dags/dag_polygon_etl.py took 0.611 seconds
[2024-05-23T17:31:59.831+0000] {processor.py:161} INFO - Started process (PID=3950) to work on /opt/airflow/dags/dag_polygon_etl.py
[2024-05-23T17:31:59.833+0000] {processor.py:830} INFO - Processing file /opt/airflow/dags/dag_polygon_etl.py for tasks to queue
[2024-05-23T17:31:59.834+0000] {logging_mixin.py:188} INFO - [2024-05-23T17:31:59.833+0000] {dagbag.py:545} INFO - Filling up the DagBag from /opt/airflow/dags/dag_polygon_etl.py
[2024-05-23T17:32:00.373+0000] {processor.py:840} INFO - DAG(s) 'dag_polygon_etl_v02' retrieved from /opt/airflow/dags/dag_polygon_etl.py
[2024-05-23T17:32:00.396+0000] {logging_mixin.py:188} INFO - [2024-05-23T17:32:00.396+0000] {dag.py:3096} INFO - Sync 1 DAGs
[2024-05-23T17:32:00.417+0000] {logging_mixin.py:188} INFO - [2024-05-23T17:32:00.417+0000] {dag.py:3954} INFO - Setting next_dagrun for dag_polygon_etl_v02 to 2024-05-23 00:00:00+00:00, run_after=2024-05-24 00:00:00+00:00
[2024-05-23T17:32:00.443+0000] {processor.py:183} INFO - Processing /opt/airflow/dags/dag_polygon_etl.py took 0.622 seconds
[2024-05-23T17:32:30.744+0000] {processor.py:161} INFO - Started process (PID=3962) to work on /opt/airflow/dags/dag_polygon_etl.py
[2024-05-23T17:32:30.746+0000] {processor.py:830} INFO - Processing file /opt/airflow/dags/dag_polygon_etl.py for tasks to queue
[2024-05-23T17:32:30.747+0000] {logging_mixin.py:188} INFO - [2024-05-23T17:32:30.747+0000] {dagbag.py:545} INFO - Filling up the DagBag from /opt/airflow/dags/dag_polygon_etl.py
[2024-05-23T17:32:31.278+0000] {processor.py:840} INFO - DAG(s) 'dag_polygon_etl_v02' retrieved from /opt/airflow/dags/dag_polygon_etl.py
[2024-05-23T17:32:31.303+0000] {logging_mixin.py:188} INFO - [2024-05-23T17:32:31.302+0000] {dag.py:3096} INFO - Sync 1 DAGs
[2024-05-23T17:32:31.324+0000] {logging_mixin.py:188} INFO - [2024-05-23T17:32:31.324+0000] {dag.py:3954} INFO - Setting next_dagrun for dag_polygon_etl_v02 to 2024-05-23 00:00:00+00:00, run_after=2024-05-24 00:00:00+00:00
[2024-05-23T17:32:31.365+0000] {processor.py:183} INFO - Processing /opt/airflow/dags/dag_polygon_etl.py took 0.629 seconds
[2024-05-23T17:33:01.633+0000] {processor.py:161} INFO - Started process (PID=3974) to work on /opt/airflow/dags/dag_polygon_etl.py
[2024-05-23T17:33:01.635+0000] {processor.py:830} INFO - Processing file /opt/airflow/dags/dag_polygon_etl.py for tasks to queue
[2024-05-23T17:33:01.636+0000] {logging_mixin.py:188} INFO - [2024-05-23T17:33:01.635+0000] {dagbag.py:545} INFO - Filling up the DagBag from /opt/airflow/dags/dag_polygon_etl.py
[2024-05-23T17:33:02.171+0000] {processor.py:840} INFO - DAG(s) 'dag_polygon_etl_v02' retrieved from /opt/airflow/dags/dag_polygon_etl.py
[2024-05-23T17:33:02.194+0000] {logging_mixin.py:188} INFO - [2024-05-23T17:33:02.194+0000] {dag.py:3096} INFO - Sync 1 DAGs
[2024-05-23T17:33:02.216+0000] {logging_mixin.py:188} INFO - [2024-05-23T17:33:02.216+0000] {dag.py:3954} INFO - Setting next_dagrun for dag_polygon_etl_v02 to 2024-05-23 00:00:00+00:00, run_after=2024-05-24 00:00:00+00:00
[2024-05-23T17:33:02.237+0000] {processor.py:183} INFO - Processing /opt/airflow/dags/dag_polygon_etl.py took 0.614 seconds
[2024-05-23T17:33:32.549+0000] {processor.py:161} INFO - Started process (PID=3986) to work on /opt/airflow/dags/dag_polygon_etl.py
[2024-05-23T17:33:32.551+0000] {processor.py:830} INFO - Processing file /opt/airflow/dags/dag_polygon_etl.py for tasks to queue
[2024-05-23T17:33:32.552+0000] {logging_mixin.py:188} INFO - [2024-05-23T17:33:32.551+0000] {dagbag.py:545} INFO - Filling up the DagBag from /opt/airflow/dags/dag_polygon_etl.py
[2024-05-23T17:33:33.089+0000] {processor.py:840} INFO - DAG(s) 'dag_polygon_etl_v02' retrieved from /opt/airflow/dags/dag_polygon_etl.py
[2024-05-23T17:33:33.112+0000] {logging_mixin.py:188} INFO - [2024-05-23T17:33:33.111+0000] {dag.py:3096} INFO - Sync 1 DAGs
[2024-05-23T17:33:33.134+0000] {logging_mixin.py:188} INFO - [2024-05-23T17:33:33.134+0000] {dag.py:3954} INFO - Setting next_dagrun for dag_polygon_etl_v02 to 2024-05-23 00:00:00+00:00, run_after=2024-05-24 00:00:00+00:00
[2024-05-23T17:33:33.162+0000] {processor.py:183} INFO - Processing /opt/airflow/dags/dag_polygon_etl.py took 0.622 seconds
